2022-09-10 12:43:11.225 +01:00  INF  Entity Framework Core 6.0.8 initialized 'StoreContext' using provider 'Microsoft.EntityFrameworkCore.SqlServer:6.0.8' with options: None
2022-09-10 12:43:12.052 +01:00  INF  Executed DbCommand (31ms) [Parameters=[], CommandType='"Text"', CommandTimeout='30']
SELECT 1
2022-09-10 12:43:12.110 +01:00  INF  Executed DbCommand (30ms) [Parameters=[], CommandType='"Text"', CommandTimeout='30']
SELECT OBJECT_ID(N'[__EFMigrationsHistory]');
2022-09-10 12:43:12.113 +01:00  INF  Executed DbCommand (1ms) [Parameters=[], CommandType='"Text"', CommandTimeout='30']
SELECT 1
2022-09-10 12:43:12.118 +01:00  INF  Executed DbCommand (1ms) [Parameters=[], CommandType='"Text"', CommandTimeout='30']
SELECT OBJECT_ID(N'[__EFMigrationsHistory]');
2022-09-10 12:43:12.150 +01:00  INF  Executed DbCommand (3ms) [Parameters=[], CommandType='"Text"', CommandTimeout='30']
SELECT [MigrationId], [ProductVersion]
FROM [__EFMigrationsHistory]
ORDER BY [MigrationId];
2022-09-10 12:43:12.173 +01:00  INF  No migrations were applied. The database is already up to date.
2022-09-10 12:43:12.844 +01:00  INF  Now listening on: https://localhost:7172
2022-09-10 12:43:12.844 +01:00  INF  Now listening on: http://localhost:5172
2022-09-10 12:43:12.850 +01:00  INF  Application started. Press Ctrl+C to shut down.
2022-09-10 12:43:12.850 +01:00  INF  Hosting environment: Development
2022-09-10 12:43:12.850 +01:00  INF  Content root path: C:\Users\Oyetuboio\source\repos\PerfumeAppHahnAssessment\Perfume.WebApi\
2022-09-10 12:43:14.151 +01:00  INF  Request starting HTTP/2 GET https://localhost:7172/swagger/index.html - -
2022-09-10 12:43:14.754 +01:00  INF  Request starting HTTP/2 GET https://localhost:7172/_framework/aspnetcore-browser-refresh.js - -
2022-09-10 12:43:14.766 +01:00  INF  Request finished HTTP/2 GET https://localhost:7172/_framework/aspnetcore-browser-refresh.js - - - 200 11998 application/javascript;+charset=utf-8 10.9111ms
2022-09-10 12:43:14.766 +01:00  INF  Request finished HTTP/2 GET https://localhost:7172/swagger/index.html - - - 200 - text/html;charset=utf-8 622.8156ms
2022-09-10 12:43:15.139 +01:00  INF  Request starting HTTP/2 GET https://localhost:7172/swagger/v1/swagger.json - -
2022-09-10 12:43:15.306 +01:00  INF  Request finished HTTP/2 GET https://localhost:7172/swagger/v1/swagger.json - - - 200 - application/json;charset=utf-8 166.3031ms
2022-09-10 12:43:24.456 +01:00  INF  Request starting HTTP/2 GET https://localhost:7172/api/Perfume/2 - -
2022-09-10 12:43:24.467 +01:00  INF  Executing endpoint 'Perfume.WebApi.Controllers.PerfumeController.GetPerfumeById (Perfume.WebApi)'
2022-09-10 12:43:24.496 +01:00  INF  Route matched with {action = "GetPerfumeById", controller = "Perfume"}. Executing controller action with signature Microsoft.AspNetCore.Mvc.ActionResult GetPerfumeById(Int32) on controller Perfume.WebApi.Controllers.PerfumeController (Perfume.WebApi).
2022-09-10 12:43:24.709 +01:00  INF  wer are here...
2022-09-10 12:43:24.712 +01:00  INF  Entity Framework Core 6.0.8 initialized 'StoreContext' using provider 'Microsoft.EntityFrameworkCore.SqlServer:6.0.8' with options: None
2022-09-10 12:43:25.501 +01:00  INF  Executed DbCommand (67ms) [Parameters=[@__p_0='?' (DbType = Int32)], CommandType='"Text"', CommandTimeout='30']
SELECT TOP(1) [p].[Id], [p].[Brand], [p].[CreatedOn], [p].[Name], [p].[UpdatedOn]
FROM [Products] AS [p]
WHERE [p].[Id] = @__p_0
2022-09-10 12:43:25.618 +01:00  INF  Executing OkObjectResult, writing value of type 'Perfume.ApplicationCore.DTOs.PerfumeResponse'.
2022-09-10 12:43:25.633 +01:00  INF  Executed action Perfume.WebApi.Controllers.PerfumeController.GetPerfumeById (Perfume.WebApi) in 1126.131ms
2022-09-10 12:43:25.633 +01:00  INF  Executed endpoint 'Perfume.WebApi.Controllers.PerfumeController.GetPerfumeById (Perfume.WebApi)'
2022-09-10 12:43:25.651 +01:00  INF  Request finished HTTP/2 GET https://localhost:7172/api/Perfume/2 - - - 200 - application/json;+charset=utf-8 1195.5763ms
2022-09-10 12:53:38.689 +01:00  INF  Entity Framework Core 6.0.8 initialized 'StoreContext' using provider 'Microsoft.EntityFrameworkCore.SqlServer:6.0.8' with options: None
2022-09-10 12:53:40.237 +01:00  INF  Executed DbCommand (75ms) [Parameters=[], CommandType='"Text"', CommandTimeout='30']
SELECT 1
2022-09-10 12:53:40.352 +01:00  INF  Executed DbCommand (58ms) [Parameters=[], CommandType='"Text"', CommandTimeout='30']
SELECT OBJECT_ID(N'[__EFMigrationsHistory]');
2022-09-10 12:53:40.357 +01:00  INF  Executed DbCommand (2ms) [Parameters=[], CommandType='"Text"', CommandTimeout='30']
SELECT 1
2022-09-10 12:53:40.358 +01:00  INF  Executed DbCommand (0ms) [Parameters=[], CommandType='"Text"', CommandTimeout='30']
SELECT OBJECT_ID(N'[__EFMigrationsHistory]');
2022-09-10 12:53:40.415 +01:00  INF  Executed DbCommand (3ms) [Parameters=[], CommandType='"Text"', CommandTimeout='30']
SELECT [MigrationId], [ProductVersion]
FROM [__EFMigrationsHistory]
ORDER BY [MigrationId];
2022-09-10 12:53:40.444 +01:00  INF  No migrations were applied. The database is already up to date.
2022-09-10 12:53:41.340 +01:00  INF  Now listening on: https://localhost:7172
2022-09-10 12:53:41.341 +01:00  INF  Now listening on: http://localhost:5172
2022-09-10 12:53:41.348 +01:00  INF  Application started. Press Ctrl+C to shut down.
2022-09-10 12:53:41.348 +01:00  INF  Hosting environment: Development
2022-09-10 12:53:41.348 +01:00  INF  Content root path: C:\Users\Oyetuboio\source\repos\PerfumeAppHahnAssessment\Perfume.WebApi\
2022-09-10 12:53:42.878 +01:00  INF  Request starting HTTP/2 GET https://localhost:7172/swagger/index.html - -
2022-09-10 12:53:43.904 +01:00  INF  Request starting HTTP/2 GET https://localhost:7172/_framework/aspnetcore-browser-refresh.js - -
2022-09-10 12:53:43.909 +01:00  INF  Request finished HTTP/2 GET https://localhost:7172/swagger/index.html - - - 200 - text/html;charset=utf-8 1039.5975ms
2022-09-10 12:53:43.921 +01:00  INF  Request finished HTTP/2 GET https://localhost:7172/_framework/aspnetcore-browser-refresh.js - - - 200 11998 application/javascript;+charset=utf-8 17.3816ms
2022-09-10 12:53:44.605 +01:00  INF  Request starting HTTP/2 GET https://localhost:7172/swagger/v1/swagger.json - -
2022-09-10 12:53:44.859 +01:00  INF  Request finished HTTP/2 GET https://localhost:7172/swagger/v1/swagger.json - - - 200 - application/json;charset=utf-8 253.9719ms
2022-09-10 12:53:51.828 +01:00  INF  Request starting HTTP/2 GET https://localhost:7172/api/Perfume/1 - -
2022-09-10 12:53:51.848 +01:00  INF  Executing endpoint 'Perfume.WebApi.Controllers.PerfumeController.GetPerfumeById (Perfume.WebApi)'
2022-09-10 12:53:51.896 +01:00  INF  Route matched with {action = "GetPerfumeById", controller = "Perfume"}. Executing controller action with signature Microsoft.AspNetCore.Mvc.ActionResult GetPerfumeById(Int32) on controller Perfume.WebApi.Controllers.PerfumeController (Perfume.WebApi).
2022-09-10 12:53:57.883 +01:00  INF  Entity Framework Core 6.0.8 initialized 'StoreContext' using provider 'Microsoft.EntityFrameworkCore.SqlServer:6.0.8' with options: None
2022-09-10 12:53:58.524 +01:00  INF  Executed DbCommand (45ms) [Parameters=[@__p_0='?' (DbType = Int32)], CommandType='"Text"', CommandTimeout='30']
SELECT TOP(1) [p].[Id], [p].[Brand], [p].[CreatedOn], [p].[Name], [p].[UpdatedOn]
FROM [Products] AS [p]
WHERE [p].[Id] = @__p_0
2022-09-10 12:54:29.126 +01:00  INF  Executing OkObjectResult, writing value of type 'Perfume.ApplicationCore.DTOs.PerfumeResponse'.
2022-09-10 12:54:29.143 +01:00  INF  Executed action Perfume.WebApi.Controllers.PerfumeController.GetPerfumeById (Perfume.WebApi) in 37232.3494ms
2022-09-10 12:54:29.143 +01:00  INF  Executed endpoint 'Perfume.WebApi.Controllers.PerfumeController.GetPerfumeById (Perfume.WebApi)'
2022-09-10 12:54:29.155 +01:00  INF  Request finished HTTP/2 GET https://localhost:7172/api/Perfume/1 - - - 200 - application/json;+charset=utf-8 37326.9869ms
2022-09-10 13:11:39.546 +01:00  INF  Entity Framework Core 6.0.8 initialized 'StoreContext' using provider 'Microsoft.EntityFrameworkCore.SqlServer:6.0.8' with options: None
2022-09-10 13:11:40.814 +01:00  INF  Executed DbCommand (66ms) [Parameters=[], CommandType='"Text"', CommandTimeout='30']
SELECT 1
2022-09-10 13:11:40.908 +01:00  INF  Executed DbCommand (46ms) [Parameters=[], CommandType='"Text"', CommandTimeout='30']
SELECT OBJECT_ID(N'[__EFMigrationsHistory]');
2022-09-10 13:11:40.914 +01:00  INF  Executed DbCommand (3ms) [Parameters=[], CommandType='"Text"', CommandTimeout='30']
SELECT 1
2022-09-10 13:11:40.915 +01:00  INF  Executed DbCommand (1ms) [Parameters=[], CommandType='"Text"', CommandTimeout='30']
SELECT OBJECT_ID(N'[__EFMigrationsHistory]');
2022-09-10 13:11:40.971 +01:00  INF  Executed DbCommand (4ms) [Parameters=[], CommandType='"Text"', CommandTimeout='30']
SELECT [MigrationId], [ProductVersion]
FROM [__EFMigrationsHistory]
ORDER BY [MigrationId];
2022-09-10 13:11:41.017 +01:00  INF  No migrations were applied. The database is already up to date.
2022-09-10 13:11:42.076 +01:00  INF  Now listening on: https://localhost:7172
2022-09-10 13:11:42.076 +01:00  INF  Now listening on: http://localhost:5172
2022-09-10 13:11:42.082 +01:00  INF  Application started. Press Ctrl+C to shut down.
2022-09-10 13:11:42.083 +01:00  INF  Hosting environment: Development
2022-09-10 13:11:42.083 +01:00  INF  Content root path: C:\Users\Oyetuboio\source\repos\PerfumeAppHahnAssessment\Perfume.WebApi\
2022-09-10 13:11:43.479 +01:00  INF  Request starting HTTP/2 GET https://localhost:7172/swagger/index.html - -
2022-09-10 13:11:44.530 +01:00  INF  Request starting HTTP/2 GET https://localhost:7172/_framework/aspnetcore-browser-refresh.js - -
2022-09-10 13:11:44.626 +01:00  INF  Request finished HTTP/2 GET https://localhost:7172/_framework/aspnetcore-browser-refresh.js - - - 200 11998 application/javascript;+charset=utf-8 64.1687ms
2022-09-10 13:11:44.626 +01:00  INF  Request finished HTTP/2 GET https://localhost:7172/swagger/index.html - - - 200 - text/html;charset=utf-8 1128.4848ms
2022-09-10 13:11:45.182 +01:00  INF  Request starting HTTP/2 GET https://localhost:7172/swagger/v1/swagger.json - -
2022-09-10 13:11:45.487 +01:00  INF  Request finished HTTP/2 GET https://localhost:7172/swagger/v1/swagger.json - - - 200 - application/json;charset=utf-8 304.7605ms
2022-09-10 13:11:52.059 +01:00  INF  Request starting HTTP/2 GET https://localhost:7172/api/Perfume/1 - -
2022-09-10 13:11:52.070 +01:00  INF  Executing endpoint 'Perfume.WebApi.Controllers.PerfumeController.GetPerfumeById (Perfume.WebApi)'
2022-09-10 13:11:52.098 +01:00  INF  Route matched with {action = "GetPerfumeById", controller = "Perfume"}. Executing controller action with signature Microsoft.AspNetCore.Mvc.ActionResult GetPerfumeById(Int32) on controller Perfume.WebApi.Controllers.PerfumeController (Perfume.WebApi).
2022-09-10 13:11:52.344 +01:00  INF  Entity Framework Core 6.0.8 initialized 'StoreContext' using provider 'Microsoft.EntityFrameworkCore.SqlServer:6.0.8' with options: None
2022-09-10 13:11:53.300 +01:00  INF  Executed DbCommand (65ms) [Parameters=[@__p_0='?' (DbType = Int32)], CommandType='"Text"', CommandTimeout='30']
SELECT TOP(1) [p].[Id], [p].[Brand], [p].[CreatedOn], [p].[Name], [p].[UpdatedOn]
FROM [Products] AS [p]
WHERE [p].[Id] = @__p_0
2022-09-10 13:11:53.433 +01:00  INF  Perfume.ApplicationCore.DTOs.PerfumeResponse
2022-09-10 13:11:53.443 +01:00  INF  Executing OkObjectResult, writing value of type 'Perfume.ApplicationCore.DTOs.PerfumeResponse'.
2022-09-10 13:11:53.459 +01:00  INF  Executed action Perfume.WebApi.Controllers.PerfumeController.GetPerfumeById (Perfume.WebApi) in 1350.2189ms
2022-09-10 13:11:53.460 +01:00  INF  Executed endpoint 'Perfume.WebApi.Controllers.PerfumeController.GetPerfumeById (Perfume.WebApi)'
2022-09-10 13:11:53.479 +01:00  INF  Request finished HTTP/2 GET https://localhost:7172/api/Perfume/1 - - - 200 - application/json;+charset=utf-8 1419.4647ms
2022-09-10 13:19:50.682 +01:00  INF  Entity Framework Core 6.0.8 initialized 'StoreContext' using provider 'Microsoft.EntityFrameworkCore.SqlServer:6.0.8' with options: None
2022-09-10 13:19:52.392 +01:00  INF  Executed DbCommand (82ms) [Parameters=[], CommandType='"Text"', CommandTimeout='30']
SELECT 1
2022-09-10 13:19:52.523 +01:00  INF  Executed DbCommand (67ms) [Parameters=[], CommandType='"Text"', CommandTimeout='30']
SELECT OBJECT_ID(N'[__EFMigrationsHistory]');
2022-09-10 13:19:52.531 +01:00  INF  Executed DbCommand (3ms) [Parameters=[], CommandType='"Text"', CommandTimeout='30']
SELECT 1
2022-09-10 13:19:52.532 +01:00  INF  Executed DbCommand (1ms) [Parameters=[], CommandType='"Text"', CommandTimeout='30']
SELECT OBJECT_ID(N'[__EFMigrationsHistory]');
2022-09-10 13:19:52.601 +01:00  INF  Executed DbCommand (3ms) [Parameters=[], CommandType='"Text"', CommandTimeout='30']
SELECT [MigrationId], [ProductVersion]
FROM [__EFMigrationsHistory]
ORDER BY [MigrationId];
2022-09-10 13:19:52.637 +01:00  INF  No migrations were applied. The database is already up to date.
2022-09-10 13:19:53.430 +01:00  INF  Now listening on: https://localhost:7172
2022-09-10 13:19:53.430 +01:00  INF  Now listening on: http://localhost:5172
2022-09-10 13:19:53.435 +01:00  INF  Application started. Press Ctrl+C to shut down.
2022-09-10 13:19:53.435 +01:00  INF  Hosting environment: Development
2022-09-10 13:19:53.435 +01:00  INF  Content root path: C:\Users\Oyetuboio\source\repos\PerfumeAppHahnAssessment\Perfume.WebApi\
2022-09-10 13:19:55.060 +01:00  INF  Request starting HTTP/2 GET https://localhost:7172/swagger/index.html - -
2022-09-10 13:19:56.221 +01:00  INF  Request starting HTTP/2 GET https://localhost:7172/_framework/aspnetcore-browser-refresh.js - -
2022-09-10 13:19:56.250 +01:00  INF  Request finished HTTP/2 GET https://localhost:7172/_framework/aspnetcore-browser-refresh.js - - - 200 11998 application/javascript;+charset=utf-8 27.0700ms
2022-09-10 13:19:56.250 +01:00  INF  Request finished HTTP/2 GET https://localhost:7172/swagger/index.html - - - 200 - text/html;charset=utf-8 1201.0992ms
2022-09-10 13:19:56.858 +01:00  INF  Request starting HTTP/2 GET https://localhost:7172/swagger/v1/swagger.json - -
2022-09-10 13:19:57.192 +01:00  INF  Request finished HTTP/2 GET https://localhost:7172/swagger/v1/swagger.json - - - 200 - application/json;charset=utf-8 333.6279ms
2022-09-10 13:20:03.183 +01:00  INF  Request starting HTTP/2 GET https://localhost:7172/api/Perfume/1 - -
2022-09-10 13:20:03.202 +01:00  INF  Executing endpoint 'Perfume.WebApi.Controllers.PerfumeController.GetPerfumeById (Perfume.WebApi)'
2022-09-10 13:20:03.242 +01:00  INF  Route matched with {action = "GetPerfumeById", controller = "Perfume"}. Executing controller action with signature Microsoft.AspNetCore.Mvc.ActionResult GetPerfumeById(Int32) on controller Perfume.WebApi.Controllers.PerfumeController (Perfume.WebApi).
2022-09-10 13:20:10.519 +01:00  INF  Entity Framework Core 6.0.8 initialized 'StoreContext' using provider 'Microsoft.EntityFrameworkCore.SqlServer:6.0.8' with options: None
2022-09-10 13:20:11.308 +01:00  INF  Executed DbCommand (52ms) [Parameters=[@__p_0='?' (DbType = Int32)], CommandType='"Text"', CommandTimeout='30']
SELECT TOP(1) [p].[Id], [p].[Brand], [p].[CreatedOn], [p].[Name], [p].[UpdatedOn]
FROM [Products] AS [p]
WHERE [p].[Id] = @__p_0
2022-09-10 13:38:26.100 +01:00  INF  Entity Framework Core 6.0.8 initialized 'StoreContext' using provider 'Microsoft.EntityFrameworkCore.SqlServer:6.0.8' with options: None
2022-09-10 13:38:28.672 +01:00  INF  Executed DbCommand (75ms) [Parameters=[], CommandType='"Text"', CommandTimeout='30']
SELECT 1
2022-09-10 13:38:28.806 +01:00  INF  Executed DbCommand (70ms) [Parameters=[], CommandType='"Text"', CommandTimeout='30']
SELECT OBJECT_ID(N'[__EFMigrationsHistory]');
2022-09-10 13:38:28.842 +01:00  INF  Executed DbCommand (16ms) [Parameters=[], CommandType='"Text"', CommandTimeout='30']
SELECT 1
2022-09-10 13:38:28.876 +01:00  INF  Executed DbCommand (34ms) [Parameters=[], CommandType='"Text"', CommandTimeout='30']
SELECT OBJECT_ID(N'[__EFMigrationsHistory]');
2022-09-10 13:38:28.959 +01:00  INF  Executed DbCommand (6ms) [Parameters=[], CommandType='"Text"', CommandTimeout='30']
SELECT [MigrationId], [ProductVersion]
FROM [__EFMigrationsHistory]
ORDER BY [MigrationId];
2022-09-10 13:38:29.011 +01:00  INF  No migrations were applied. The database is already up to date.
2022-09-10 13:38:29.884 +01:00  INF  Now listening on: https://localhost:7172
2022-09-10 13:38:29.884 +01:00  INF  Now listening on: http://localhost:5172
2022-09-10 13:38:29.891 +01:00  INF  Application started. Press Ctrl+C to shut down.
2022-09-10 13:38:29.892 +01:00  INF  Hosting environment: Development
2022-09-10 13:38:29.892 +01:00  INF  Content root path: C:\Users\Oyetuboio\source\repos\PerfumeAppHahnAssessment\Perfume.WebApi\
2022-09-10 13:38:32.031 +01:00  INF  Request starting HTTP/2 GET https://localhost:7172/swagger/index.html - -
2022-09-10 13:38:33.082 +01:00  INF  Request starting HTTP/2 GET https://localhost:7172/_framework/aspnetcore-browser-refresh.js - -
2022-09-10 13:38:33.089 +01:00  INF  Request finished HTTP/2 GET https://localhost:7172/swagger/index.html - - - 200 - text/html;charset=utf-8 1072.5346ms
2022-09-10 13:38:33.093 +01:00  INF  Request finished HTTP/2 GET https://localhost:7172/_framework/aspnetcore-browser-refresh.js - - - 200 11998 application/javascript;+charset=utf-8 10.6153ms
2022-09-10 13:38:33.816 +01:00  INF  Request starting HTTP/2 GET https://localhost:7172/swagger/v1/swagger.json - -
2022-09-10 13:38:34.144 +01:00  INF  Request finished HTTP/2 GET https://localhost:7172/swagger/v1/swagger.json - - - 200 - application/json;charset=utf-8 328.2527ms
2022-09-10 13:38:40.305 +01:00  INF  Request starting HTTP/2 GET https://localhost:7172/api/Perfume/1 - -
2022-09-10 13:38:40.318 +01:00  INF  Executing endpoint 'Perfume.WebApi.Controllers.PerfumeController.GetPerfumeById (Perfume.WebApi)'
2022-09-10 13:38:40.356 +01:00  INF  Route matched with {action = "GetPerfumeById", controller = "Perfume"}. Executing controller action with signature Microsoft.AspNetCore.Mvc.ActionResult GetPerfumeById(Int32) on controller Perfume.WebApi.Controllers.PerfumeController (Perfume.WebApi).
2022-09-10 13:38:40.692 +01:00  INF  Entity Framework Core 6.0.8 initialized 'StoreContext' using provider 'Microsoft.EntityFrameworkCore.SqlServer:6.0.8' with options: None
2022-09-10 13:38:41.726 +01:00  INF  Executed DbCommand (74ms) [Parameters=[@__p_0='?' (DbType = Int32)], CommandType='"Text"', CommandTimeout='30']
SELECT TOP(1) [p].[Id], [p].[Brand], [p].[CreatedOn], [p].[Name], [p].[UpdatedOn]
FROM [Products] AS [p]
WHERE [p].[Id] = @__p_0
2022-09-10 13:38:41.849 +01:00  INF  Here it is
2022-09-10 13:38:41.860 +01:00  INF  Executing OkObjectResult, writing value of type 'Perfume.ApplicationCore.DTOs.PerfumeResponse'.
2022-09-10 13:38:41.879 +01:00  INF  Executed action Perfume.WebApi.Controllers.PerfumeController.GetPerfumeById (Perfume.WebApi) in 1510.5509ms
2022-09-10 13:38:41.880 +01:00  INF  Executed endpoint 'Perfume.WebApi.Controllers.PerfumeController.GetPerfumeById (Perfume.WebApi)'
2022-09-10 13:38:41.902 +01:00  INF  Request finished HTTP/2 GET https://localhost:7172/api/Perfume/1 - - - 200 - application/json;+charset=utf-8 1596.3883ms
2022-09-10 13:40:07.762 +01:00  INF  Entity Framework Core 6.0.8 initialized 'StoreContext' using provider 'Microsoft.EntityFrameworkCore.SqlServer:6.0.8' with options: None
2022-09-10 13:40:10.018 +01:00  INF  Executed DbCommand (86ms) [Parameters=[], CommandType='"Text"', CommandTimeout='30']
SELECT 1
2022-09-10 13:40:10.139 +01:00  INF  Executed DbCommand (56ms) [Parameters=[], CommandType='"Text"', CommandTimeout='30']
SELECT OBJECT_ID(N'[__EFMigrationsHistory]');
2022-09-10 13:40:10.145 +01:00  INF  Executed DbCommand (3ms) [Parameters=[], CommandType='"Text"', CommandTimeout='30']
SELECT 1
2022-09-10 13:40:10.146 +01:00  INF  Executed DbCommand (1ms) [Parameters=[], CommandType='"Text"', CommandTimeout='30']
SELECT OBJECT_ID(N'[__EFMigrationsHistory]');
2022-09-10 13:40:10.206 +01:00  INF  Executed DbCommand (4ms) [Parameters=[], CommandType='"Text"', CommandTimeout='30']
SELECT [MigrationId], [ProductVersion]
FROM [__EFMigrationsHistory]
ORDER BY [MigrationId];
2022-09-10 13:40:10.237 +01:00  INF  No migrations were applied. The database is already up to date.
2022-09-10 13:40:10.991 +01:00  INF  Now listening on: https://localhost:7172
2022-09-10 13:40:10.991 +01:00  INF  Now listening on: http://localhost:5172
2022-09-10 13:40:10.999 +01:00  INF  Application started. Press Ctrl+C to shut down.
2022-09-10 13:40:10.999 +01:00  INF  Hosting environment: Development
2022-09-10 13:40:10.999 +01:00  INF  Content root path: C:\Users\Oyetuboio\source\repos\PerfumeAppHahnAssessment\Perfume.WebApi\
2022-09-10 13:40:12.509 +01:00  INF  Request starting HTTP/2 GET https://localhost:7172/swagger/index.html - -
2022-09-10 13:40:13.487 +01:00  INF  Request starting HTTP/2 GET https://localhost:7172/_framework/aspnetcore-browser-refresh.js - -
2022-09-10 13:40:13.653 +01:00  INF  Request finished HTTP/2 GET https://localhost:7172/swagger/index.html - - - 200 - text/html;charset=utf-8 1105.6991ms
2022-09-10 13:40:13.653 +01:00  INF  Request finished HTTP/2 GET https://localhost:7172/_framework/aspnetcore-browser-refresh.js - - - 200 11998 application/javascript;+charset=utf-8 144.1994ms
2022-09-10 13:40:14.083 +01:00  INF  Request starting HTTP/2 GET https://localhost:7172/swagger/v1/swagger.json - -
2022-09-10 13:40:14.318 +01:00  INF  Request finished HTTP/2 GET https://localhost:7172/swagger/v1/swagger.json - - - 200 - application/json;charset=utf-8 235.2596ms
2022-09-10 13:40:19.268 +01:00  INF  Request starting HTTP/2 GET https://localhost:7172/api/Perfume/1 - -
2022-09-10 13:40:19.278 +01:00  INF  Executing endpoint 'Perfume.WebApi.Controllers.PerfumeController.GetPerfumeById (Perfume.WebApi)'
2022-09-10 13:40:19.311 +01:00  INF  Route matched with {action = "GetPerfumeById", controller = "Perfume"}. Executing controller action with signature Microsoft.AspNetCore.Mvc.ActionResult GetPerfumeById(Int32) on controller Perfume.WebApi.Controllers.PerfumeController (Perfume.WebApi).
2022-09-10 13:40:19.544 +01:00  INF  Entity Framework Core 6.0.8 initialized 'StoreContext' using provider 'Microsoft.EntityFrameworkCore.SqlServer:6.0.8' with options: None
2022-09-10 13:40:20.262 +01:00  INF  Executed DbCommand (57ms) [Parameters=[@__p_0='?' (DbType = Int32)], CommandType='"Text"', CommandTimeout='30']
SELECT TOP(1) [p].[Id], [p].[Brand], [p].[CreatedOn], [p].[Name], [p].[UpdatedOn]
FROM [Products] AS [p]
WHERE [p].[Id] = @__p_0
2022-09-10 13:40:20.363 +01:00  INF  Here it is
2022-09-10 13:40:20.377 +01:00  INF  Executing OkObjectResult, writing value of type 'Perfume.ApplicationCore.DTOs.PerfumeResponse'.
2022-09-10 13:40:20.397 +01:00  INF  Executed action Perfume.WebApi.Controllers.PerfumeController.GetPerfumeById (Perfume.WebApi) in 1071.6606ms
2022-09-10 13:40:20.398 +01:00  INF  Executed endpoint 'Perfume.WebApi.Controllers.PerfumeController.GetPerfumeById (Perfume.WebApi)'
2022-09-10 13:40:20.418 +01:00  INF  Request finished HTTP/2 GET https://localhost:7172/api/Perfume/1 - - - 200 - application/json;+charset=utf-8 1150.2709ms
2022-09-10 13:41:38.464 +01:00  INF  Entity Framework Core 6.0.8 initialized 'StoreContext' using provider 'Microsoft.EntityFrameworkCore.SqlServer:6.0.8' with options: None
2022-09-10 13:41:39.870 +01:00  INF  Executed DbCommand (53ms) [Parameters=[], CommandType='"Text"', CommandTimeout='30']
SELECT 1
2022-09-10 13:41:39.998 +01:00  INF  Executed DbCommand (62ms) [Parameters=[], CommandType='"Text"', CommandTimeout='30']
SELECT OBJECT_ID(N'[__EFMigrationsHistory]');
2022-09-10 13:41:40.005 +01:00  INF  Executed DbCommand (3ms) [Parameters=[], CommandType='"Text"', CommandTimeout='30']
SELECT 1
2022-09-10 13:41:40.006 +01:00  INF  Executed DbCommand (1ms) [Parameters=[], CommandType='"Text"', CommandTimeout='30']
SELECT OBJECT_ID(N'[__EFMigrationsHistory]');
2022-09-10 13:41:40.085 +01:00  INF  Executed DbCommand (5ms) [Parameters=[], CommandType='"Text"', CommandTimeout='30']
SELECT [MigrationId], [ProductVersion]
FROM [__EFMigrationsHistory]
ORDER BY [MigrationId];
2022-09-10 13:41:40.137 +01:00  INF  No migrations were applied. The database is already up to date.
2022-09-10 13:41:41.052 +01:00  INF  Now listening on: https://localhost:7172
2022-09-10 13:41:41.052 +01:00  INF  Now listening on: http://localhost:5172
2022-09-10 13:41:41.061 +01:00  INF  Application started. Press Ctrl+C to shut down.
2022-09-10 13:41:41.061 +01:00  INF  Hosting environment: Development
2022-09-10 13:41:41.061 +01:00  INF  Content root path: C:\Users\Oyetuboio\source\repos\PerfumeAppHahnAssessment\Perfume.WebApi\
2022-09-10 13:41:42.697 +01:00  INF  Request starting HTTP/2 GET https://localhost:7172/swagger/index.html - -
2022-09-10 13:41:43.449 +01:00  INF  Request starting HTTP/2 GET https://localhost:7172/_framework/aspnetcore-browser-refresh.js - -
2022-09-10 13:41:43.452 +01:00  INF  Request finished HTTP/2 GET https://localhost:7172/swagger/index.html - - - 200 - text/html;charset=utf-8 764.5451ms
2022-09-10 13:41:43.461 +01:00  INF  Request finished HTTP/2 GET https://localhost:7172/_framework/aspnetcore-browser-refresh.js - - - 200 11998 application/javascript;+charset=utf-8 12.4380ms
2022-09-10 13:41:43.952 +01:00  INF  Request starting HTTP/2 GET https://localhost:7172/swagger/v1/swagger.json - -
2022-09-10 13:41:44.219 +01:00  INF  Request finished HTTP/2 GET https://localhost:7172/swagger/v1/swagger.json - - - 200 - application/json;charset=utf-8 266.9168ms
2022-09-10 13:41:52.556 +01:00  INF  Request starting HTTP/2 GET https://localhost:7172/api/Perfume/1 - -
2022-09-10 13:41:52.573 +01:00  INF  Executing endpoint 'Perfume.WebApi.Controllers.PerfumeController.GetPerfumeById (Perfume.WebApi)'
2022-09-10 13:41:52.613 +01:00  INF  Route matched with {action = "GetPerfumeById", controller = "Perfume"}. Executing controller action with signature Microsoft.AspNetCore.Mvc.ActionResult GetPerfumeById(Int32) on controller Perfume.WebApi.Controllers.PerfumeController (Perfume.WebApi).
2022-09-10 13:41:52.936 +01:00  INF  Entity Framework Core 6.0.8 initialized 'StoreContext' using provider 'Microsoft.EntityFrameworkCore.SqlServer:6.0.8' with options: None
2022-09-10 13:41:53.949 +01:00  INF  Executed DbCommand (75ms) [Parameters=[@__p_0='?' (DbType = Int32)], CommandType='"Text"', CommandTimeout='30']
SELECT TOP(1) [p].[Id], [p].[Brand], [p].[CreatedOn], [p].[Name], [p].[UpdatedOn]
FROM [Products] AS [p]
WHERE [p].[Id] = @__p_0
2022-09-10 13:41:54.036 +01:00  INF  Here it isPerfume.ApplicationCore.DTOs.PerfumeResponse
2022-09-10 13:41:54.044 +01:00  INF  Executing OkObjectResult, writing value of type 'Perfume.ApplicationCore.DTOs.PerfumeResponse'.
2022-09-10 13:41:54.057 +01:00  INF  Executed action Perfume.WebApi.Controllers.PerfumeController.GetPerfumeById (Perfume.WebApi) in 1434.4503ms
2022-09-10 13:41:54.057 +01:00  INF  Executed endpoint 'Perfume.WebApi.Controllers.PerfumeController.GetPerfumeById (Perfume.WebApi)'
2022-09-10 13:41:54.070 +01:00  INF  Request finished HTTP/2 GET https://localhost:7172/api/Perfume/1 - - - 200 - application/json;+charset=utf-8 1513.9875ms
2022-09-10 13:46:15.964 +01:00  INF  Entity Framework Core 6.0.8 initialized 'StoreContext' using provider 'Microsoft.EntityFrameworkCore.SqlServer:6.0.8' with options: None
2022-09-10 13:46:17.778 +01:00  INF  Executed DbCommand (74ms) [Parameters=[], CommandType='"Text"', CommandTimeout='30']
SELECT 1
2022-09-10 13:46:17.912 +01:00  INF  Executed DbCommand (65ms) [Parameters=[], CommandType='"Text"', CommandTimeout='30']
SELECT OBJECT_ID(N'[__EFMigrationsHistory]');
2022-09-10 13:46:17.919 +01:00  INF  Executed DbCommand (3ms) [Parameters=[], CommandType='"Text"', CommandTimeout='30']
SELECT 1
2022-09-10 13:46:17.922 +01:00  INF  Executed DbCommand (2ms) [Parameters=[], CommandType='"Text"', CommandTimeout='30']
SELECT OBJECT_ID(N'[__EFMigrationsHistory]');
2022-09-10 13:46:17.999 +01:00  INF  Executed DbCommand (5ms) [Parameters=[], CommandType='"Text"', CommandTimeout='30']
SELECT [MigrationId], [ProductVersion]
FROM [__EFMigrationsHistory]
ORDER BY [MigrationId];
2022-09-10 13:46:18.058 +01:00  INF  No migrations were applied. The database is already up to date.
2022-09-10 13:46:19.045 +01:00  INF  Now listening on: https://localhost:7172
2022-09-10 13:46:19.045 +01:00  INF  Now listening on: http://localhost:5172
2022-09-10 13:46:19.049 +01:00  INF  Application started. Press Ctrl+C to shut down.
2022-09-10 13:46:19.050 +01:00  INF  Hosting environment: Development
2022-09-10 13:46:19.050 +01:00  INF  Content root path: C:\Users\Oyetuboio\source\repos\PerfumeAppHahnAssessment\Perfume.WebApi\
2022-09-10 13:46:20.951 +01:00  INF  Request starting HTTP/2 GET https://localhost:7172/swagger/index.html - -
2022-09-10 13:46:21.866 +01:00  INF  Request finished HTTP/2 GET https://localhost:7172/swagger/index.html - - - 200 - text/html;charset=utf-8 923.0628ms
2022-09-10 13:46:21.904 +01:00  INF  Request starting HTTP/2 GET https://localhost:7172/_framework/aspnetcore-browser-refresh.js - -
2022-09-10 13:46:21.913 +01:00  INF  Request finished HTTP/2 GET https://localhost:7172/_framework/aspnetcore-browser-refresh.js - - - 200 11998 application/javascript;+charset=utf-8 9.5282ms
2022-09-10 13:46:22.447 +01:00  INF  Request starting HTTP/2 GET https://localhost:7172/swagger/v1/swagger.json - -
2022-09-10 13:46:22.706 +01:00  INF  Request finished HTTP/2 GET https://localhost:7172/swagger/v1/swagger.json - - - 200 - application/json;charset=utf-8 259.2234ms
2022-09-10 13:46:32.460 +01:00  INF  Request starting HTTP/2 GET https://localhost:7172/api/Perfume/1 - -
2022-09-10 13:46:32.479 +01:00  INF  Executing endpoint 'Perfume.WebApi.Controllers.PerfumeController.GetPerfumeById (Perfume.WebApi)'
2022-09-10 13:46:32.513 +01:00  INF  Route matched with {action = "GetPerfumeById", controller = "Perfume"}. Executing controller action with signature Microsoft.AspNetCore.Mvc.ActionResult GetPerfumeById(Int32) on controller Perfume.WebApi.Controllers.PerfumeController (Perfume.WebApi).
2022-09-10 13:46:32.917 +01:00  INF  Entity Framework Core 6.0.8 initialized 'StoreContext' using provider 'Microsoft.EntityFrameworkCore.SqlServer:6.0.8' with options: None
2022-09-10 13:46:33.847 +01:00  INF  Executed DbCommand (50ms) [Parameters=[@__p_0='?' (DbType = Int32)], CommandType='"Text"', CommandTimeout='30']
SELECT TOP(1) [p].[Id], [p].[Brand], [p].[CreatedOn], [p].[Name], [p].[UpdatedOn]
FROM [Products] AS [p]
WHERE [p].[Id] = @__p_0
2022-09-10 13:46:44.979 +01:00  INF  Here it is{"Id":1,"Name":"Eros","Brand":"Versace"}
2022-09-10 13:46:47.489 +01:00  INF  Executing OkObjectResult, writing value of type 'Perfume.ApplicationCore.DTOs.PerfumeResponse'.
2022-09-10 13:46:47.501 +01:00  INF  Executed action Perfume.WebApi.Controllers.PerfumeController.GetPerfumeById (Perfume.WebApi) in 14979.3533ms
2022-09-10 13:46:47.501 +01:00  INF  Executed endpoint 'Perfume.WebApi.Controllers.PerfumeController.GetPerfumeById (Perfume.WebApi)'
2022-09-10 13:46:47.513 +01:00  INF  Request finished HTTP/2 GET https://localhost:7172/api/Perfume/1 - - - 200 - application/json;+charset=utf-8 15053.3283ms
2022-09-10 13:48:36.825 +01:00  INF  Entity Framework Core 6.0.8 initialized 'StoreContext' using provider 'Microsoft.EntityFrameworkCore.SqlServer:6.0.8' with options: None
2022-09-10 13:48:39.630 +01:00  INF  Executed DbCommand (79ms) [Parameters=[], CommandType='"Text"', CommandTimeout='30']
SELECT 1
2022-09-10 13:48:39.772 +01:00  INF  Executed DbCommand (73ms) [Parameters=[], CommandType='"Text"', CommandTimeout='30']
SELECT OBJECT_ID(N'[__EFMigrationsHistory]');
2022-09-10 13:48:39.782 +01:00  INF  Executed DbCommand (5ms) [Parameters=[], CommandType='"Text"', CommandTimeout='30']
SELECT 1
2022-09-10 13:48:39.784 +01:00  INF  Executed DbCommand (1ms) [Parameters=[], CommandType='"Text"', CommandTimeout='30']
SELECT OBJECT_ID(N'[__EFMigrationsHistory]');
2022-09-10 13:48:39.891 +01:00  INF  Executed DbCommand (8ms) [Parameters=[], CommandType='"Text"', CommandTimeout='30']
SELECT [MigrationId], [ProductVersion]
FROM [__EFMigrationsHistory]
ORDER BY [MigrationId];
2022-09-10 13:48:39.951 +01:00  INF  No migrations were applied. The database is already up to date.
2022-09-10 13:48:41.755 +01:00  INF  Now listening on: https://localhost:7172
2022-09-10 13:48:41.756 +01:00  INF  Now listening on: http://localhost:5172
2022-09-10 13:48:41.763 +01:00  INF  Application started. Press Ctrl+C to shut down.
2022-09-10 13:48:41.764 +01:00  INF  Hosting environment: Development
2022-09-10 13:48:41.765 +01:00  INF  Content root path: C:\Users\Oyetuboio\source\repos\PerfumeAppHahnAssessment\Perfume.WebApi\
2022-09-10 13:48:43.960 +01:00  INF  Request starting HTTP/2 GET https://localhost:7172/swagger/index.html - -
2022-09-10 13:48:44.775 +01:00  INF  Request starting HTTP/2 GET https://localhost:7172/_framework/aspnetcore-browser-refresh.js - -
2022-09-10 13:48:44.787 +01:00  INF  Request finished HTTP/2 GET https://localhost:7172/swagger/index.html - - - 200 - text/html;charset=utf-8 838.3274ms
2022-09-10 13:48:44.789 +01:00  INF  Request finished HTTP/2 GET https://localhost:7172/_framework/aspnetcore-browser-refresh.js - - - 200 11998 application/javascript;+charset=utf-8 13.8345ms
2022-09-10 13:48:45.326 +01:00  INF  Request starting HTTP/2 GET https://localhost:7172/swagger/v1/swagger.json - -
2022-09-10 13:48:45.592 +01:00  INF  Request finished HTTP/2 GET https://localhost:7172/swagger/v1/swagger.json - - - 200 - application/json;charset=utf-8 265.6130ms
2022-09-10 13:48:59.924 +01:00  INF  Request starting HTTP/2 POST https://localhost:7172/api/Perfume application/json 22
2022-09-10 13:48:59.929 +01:00  INF  CORS policy execution successful.
2022-09-10 13:48:59.939 +01:00  INF  Executing endpoint 'Perfume.WebApi.Controllers.PerfumeController.Create (Perfume.WebApi)'
2022-09-10 13:48:59.968 +01:00  INF  Route matched with {action = "Create", controller = "Perfume"}. Executing controller action with signature Microsoft.AspNetCore.Mvc.ActionResult Create(Perfume.ApplicationCore.DTOs.CreatePerfumeRequest) on controller Perfume.WebApi.Controllers.PerfumeController (Perfume.WebApi).
2022-09-10 13:49:00.296 +01:00  INF  Executing BadRequestObjectResult, writing value of type 'Microsoft.AspNetCore.Mvc.ValidationProblemDetails'.
2022-09-10 13:49:00.308 +01:00  INF  Executed action Perfume.WebApi.Controllers.PerfumeController.Create (Perfume.WebApi) in 332.4462ms
2022-09-10 13:49:00.309 +01:00  INF  Executed endpoint 'Perfume.WebApi.Controllers.PerfumeController.Create (Perfume.WebApi)'
2022-09-10 13:49:00.314 +01:00  INF  Request finished HTTP/2 POST https://localhost:7172/api/Perfume application/json 22 - 400 - application/problem+json;+charset=utf-8 390.1262ms
2022-09-10 13:53:20.042 +01:00  INF  Entity Framework Core 6.0.8 initialized 'StoreContext' using provider 'Microsoft.EntityFrameworkCore.SqlServer:6.0.8' with options: None
2022-09-10 13:53:21.527 +01:00  INF  Executed DbCommand (76ms) [Parameters=[], CommandType='"Text"', CommandTimeout='30']
SELECT 1
2022-09-10 13:53:21.631 +01:00  INF  Executed DbCommand (49ms) [Parameters=[], CommandType='"Text"', CommandTimeout='30']
SELECT OBJECT_ID(N'[__EFMigrationsHistory]');
2022-09-10 13:53:21.638 +01:00  INF  Executed DbCommand (3ms) [Parameters=[], CommandType='"Text"', CommandTimeout='30']
SELECT 1
2022-09-10 13:53:21.639 +01:00  INF  Executed DbCommand (1ms) [Parameters=[], CommandType='"Text"', CommandTimeout='30']
SELECT OBJECT_ID(N'[__EFMigrationsHistory]');
2022-09-10 13:53:21.703 +01:00  INF  Executed DbCommand (4ms) [Parameters=[], CommandType='"Text"', CommandTimeout='30']
SELECT [MigrationId], [ProductVersion]
FROM [__EFMigrationsHistory]
ORDER BY [MigrationId];
2022-09-10 13:53:21.740 +01:00  INF  No migrations were applied. The database is already up to date.
2022-09-10 13:53:22.618 +01:00  INF  Now listening on: https://localhost:7172
2022-09-10 13:53:22.618 +01:00  INF  Now listening on: http://localhost:5172
2022-09-10 13:53:22.622 +01:00  INF  Application started. Press Ctrl+C to shut down.
2022-09-10 13:53:22.622 +01:00  INF  Hosting environment: Development
2022-09-10 13:53:22.622 +01:00  INF  Content root path: C:\Users\Oyetuboio\source\repos\PerfumeAppHahnAssessment\Perfume.WebApi\
2022-09-10 13:53:24.305 +01:00  INF  Request starting HTTP/2 GET https://localhost:7172/swagger/index.html - -
2022-09-10 13:53:25.153 +01:00  INF  Request starting HTTP/2 GET https://localhost:7172/_framework/aspnetcore-browser-refresh.js - -
2022-09-10 13:53:25.165 +01:00  INF  Request finished HTTP/2 GET https://localhost:7172/swagger/index.html - - - 200 - text/html;charset=utf-8 873.9911ms
2022-09-10 13:53:25.165 +01:00  INF  Request finished HTTP/2 GET https://localhost:7172/_framework/aspnetcore-browser-refresh.js - - - 200 11998 application/javascript;+charset=utf-8 10.4076ms
2022-09-10 13:53:25.744 +01:00  INF  Request starting HTTP/2 GET https://localhost:7172/swagger/v1/swagger.json - -
2022-09-10 13:53:26.009 +01:00  INF  Request finished HTTP/2 GET https://localhost:7172/swagger/v1/swagger.json - - - 200 - application/json;charset=utf-8 264.8431ms
2022-09-10 13:53:39.476 +01:00  INF  Request starting HTTP/2 GET https://localhost:7172/api/Perfume/6 - -
2022-09-10 13:53:39.487 +01:00  INF  Executing endpoint 'Perfume.WebApi.Controllers.PerfumeController.GetPerfumeById (Perfume.WebApi)'
2022-09-10 13:53:39.517 +01:00  INF  Route matched with {action = "GetPerfumeById", controller = "Perfume"}. Executing controller action with signature Microsoft.AspNetCore.Mvc.ActionResult GetPerfumeById(Int32) on controller Perfume.WebApi.Controllers.PerfumeController (Perfume.WebApi).
2022-09-10 13:53:39.712 +01:00  INF  Entity Framework Core 6.0.8 initialized 'StoreContext' using provider 'Microsoft.EntityFrameworkCore.SqlServer:6.0.8' with options: None
2022-09-10 13:53:40.326 +01:00  INF  Executed DbCommand (46ms) [Parameters=[@__p_0='?' (DbType = Int32)], CommandType='"Text"', CommandTimeout='30']
SELECT TOP(1) [p].[Id], [p].[Brand], [p].[CreatedOn], [p].[Name], [p].[UpdatedOn]
FROM [Products] AS [p]
WHERE [p].[Id] = @__p_0
2022-09-10 13:53:40.644 +01:00  INF  Response {"Id":6,"Name":"Cloud","Brand":"Ariana Grande"}
2022-09-10 13:53:40.653 +01:00  INF  Executing OkObjectResult, writing value of type 'Perfume.ApplicationCore.DTOs.PerfumeResponse'.
2022-09-10 13:53:40.666 +01:00  INF  Executed action Perfume.WebApi.Controllers.PerfumeController.GetPerfumeById (Perfume.WebApi) in 1138.5293ms
2022-09-10 13:53:40.667 +01:00  INF  Executed endpoint 'Perfume.WebApi.Controllers.PerfumeController.GetPerfumeById (Perfume.WebApi)'
2022-09-10 13:53:40.680 +01:00  INF  Request finished HTTP/2 GET https://localhost:7172/api/Perfume/6 - - - 200 - application/json;+charset=utf-8 1204.1108ms
2022-09-10 13:54:30.259 +01:00  INF  Request starting HTTP/2 PUT https://localhost:7172/api/Perfume/1 application/json 48
2022-09-10 13:54:30.271 +01:00  INF  CORS policy execution successful.
2022-09-10 13:54:30.272 +01:00  INF  Executing endpoint 'Perfume.WebApi.Controllers.PerfumeController.Update (Perfume.WebApi)'
2022-09-10 13:54:30.275 +01:00  INF  Route matched with {action = "Update", controller = "Perfume"}. Executing controller action with signature Microsoft.AspNetCore.Mvc.ActionResult Update(Int32, Perfume.ApplicationCore.DTOs.UpdatePerfumeRequest) on controller Perfume.WebApi.Controllers.PerfumeController (Perfume.WebApi).
2022-09-10 13:54:30.315 +01:00  INF  Request {"Name":"Dylan Blue","Brand":"Versace"}
2022-09-10 13:54:30.431 +01:00  INF  Entity Framework Core 6.0.8 initialized 'StoreContext' using provider 'Microsoft.EntityFrameworkCore.SqlServer:6.0.8' with options: None
2022-09-10 13:54:30.441 +01:00  INF  Executed DbCommand (2ms) [Parameters=[@__p_0='?' (DbType = Int32)], CommandType='"Text"', CommandTimeout='30']
SELECT TOP(1) [p].[Id], [p].[Brand], [p].[CreatedOn], [p].[Name], [p].[UpdatedOn]
FROM [Products] AS [p]
WHERE [p].[Id] = @__p_0
2022-09-10 13:54:30.658 +01:00  INF  Executed DbCommand (4ms) [Parameters=[@p4='?' (DbType = Int32), @p0='?' (Size = 4000), @p1='?' (DbType = DateTime2), @p2='?' (Size = 4000), @p3='?' (DbType = DateTime2)], CommandType='"Text"', CommandTimeout='30']
SET NOCOUNT ON;
UPDATE [Products] SET [Brand] = @p0, [CreatedOn] = @p1, [Name] = @p2, [UpdatedOn] = @p3
WHERE [Id] = @p4;
SELECT @@ROWCOUNT;
2022-09-10 13:54:30.689 +01:00  INF  Response {"Id":1,"Name":"Dylan Blue","Brand":"Versace"}
2022-09-10 13:54:30.689 +01:00  INF  Executing OkObjectResult, writing value of type 'Perfume.ApplicationCore.DTOs.PerfumeResponse'.
2022-09-10 13:54:30.690 +01:00  INF  Executed action Perfume.WebApi.Controllers.PerfumeController.Update (Perfume.WebApi) in 414.4933ms
2022-09-10 13:54:30.690 +01:00  INF  Executed endpoint 'Perfume.WebApi.Controllers.PerfumeController.Update (Perfume.WebApi)'
2022-09-10 13:54:30.690 +01:00  INF  Request finished HTTP/2 PUT https://localhost:7172/api/Perfume/1 application/json 48 - 200 - application/json;+charset=utf-8 431.7651ms
2022-09-10 13:55:43.517 +01:00  INF  Request starting HTTP/2 POST https://localhost:7172/api/Perfume application/json 41
2022-09-10 13:55:43.533 +01:00  INF  CORS policy execution successful.
2022-09-10 13:55:43.533 +01:00  INF  Executing endpoint 'Perfume.WebApi.Controllers.PerfumeController.Create (Perfume.WebApi)'
2022-09-10 13:55:43.534 +01:00  INF  Route matched with {action = "Create", controller = "Perfume"}. Executing controller action with signature Microsoft.AspNetCore.Mvc.ActionResult Create(Perfume.ApplicationCore.DTOs.CreatePerfumeRequest) on controller Perfume.WebApi.Controllers.PerfumeController (Perfume.WebApi).
2022-09-10 13:55:43.543 +01:00  INF  Request {"Name":"NO 5","Brand":"Chanel"}
2022-09-10 13:55:43.545 +01:00  INF  Entity Framework Core 6.0.8 initialized 'StoreContext' using provider 'Microsoft.EntityFrameworkCore.SqlServer:6.0.8' with options: None
2022-09-10 13:55:43.593 +01:00  INF  Executed DbCommand (2ms) [Parameters=[@p0='?' (Size = 4000), @p1='?' (DbType = DateTime2), @p2='?' (Size = 4000), @p3='?' (DbType = DateTime2)], CommandType='"Text"', CommandTimeout='30']
SET NOCOUNT ON;
INSERT INTO [Products] ([Brand], [CreatedOn], [Name], [UpdatedOn])
VALUES (@p0, @p1, @p2, @p3);
SELECT [Id]
FROM [Products]
WHERE @@ROWCOUNT = 1 AND [Id] = scope_identity();
2022-09-10 13:55:43.622 +01:00  INF  Response {"Id":8,"Name":"NO 5","Brand":"Chanel"}
2022-09-10 13:55:43.622 +01:00  INF  Executing OkObjectResult, writing value of type 'Perfume.ApplicationCore.DTOs.PerfumeResponse'.
2022-09-10 13:55:43.623 +01:00  INF  Executed action Perfume.WebApi.Controllers.PerfumeController.Create (Perfume.WebApi) in 88.8257ms
2022-09-10 13:55:43.623 +01:00  INF  Executed endpoint 'Perfume.WebApi.Controllers.PerfumeController.Create (Perfume.WebApi)'
2022-09-10 13:55:43.623 +01:00  INF  Request finished HTTP/2 POST https://localhost:7172/api/Perfume application/json 41 - 200 - application/json;+charset=utf-8 106.4648ms
